Traceback (most recent call last):
  File "/Library/Frameworks/Python.framework/Versions/3.8/lib/python3.8/site-packages/jupyter_cache/executors/utils.py", line 51, in single_nb_execution
    executenb(
  File "/Library/Frameworks/Python.framework/Versions/3.8/lib/python3.8/site-packages/nbclient/client.py", line 1269, in execute
    return NotebookClient(nb=nb, resources=resources, km=km, **kwargs).execute()
  File "/Library/Frameworks/Python.framework/Versions/3.8/lib/python3.8/site-packages/nbclient/util.py", line 85, in wrapped
    return just_run(coro(*args, **kwargs))
  File "/Library/Frameworks/Python.framework/Versions/3.8/lib/python3.8/site-packages/nbclient/util.py", line 60, in just_run
    return loop.run_until_complete(coro)
  File "/Library/Frameworks/Python.framework/Versions/3.8/lib/python3.8/asyncio/base_events.py", line 616, in run_until_complete
    return future.result()
  File "/Library/Frameworks/Python.framework/Versions/3.8/lib/python3.8/site-packages/nbclient/client.py", line 707, in async_execute
    await self.async_execute_cell(
  File "/Library/Frameworks/Python.framework/Versions/3.8/lib/python3.8/site-packages/nbclient/client.py", line 1025, in async_execute_cell
    await self._check_raise_for_error(cell, cell_index, exec_reply)
  File "/Library/Frameworks/Python.framework/Versions/3.8/lib/python3.8/site-packages/nbclient/client.py", line 919, in _check_raise_for_error
    raise CellExecutionError.from_cell_and_msg(cell, exec_reply_content)
nbclient.exceptions.CellExecutionError: An error occurred while executing the following cell:
------------------
"""
Library for general purpose functions related to data processing in RL model
"""

import os
import pandas as pd
import numpy as np


###############
### GLOBALS ###
###############

DEFAULT_FILE = 'rps_v2_clean.csv'
TRANSITIONS = ["up", "down", "stay"]
OUTCOMES = ["win", "tie", "loss"]
N_ROUNDS = 300




#######################
### Data processing ###
#######################

def read_rps_data(fp = DEFAULT_FILE):
    """
    Read in the data! Yay!
    """
    return pd.read_csv(fp)


def add_col(df, col_names, value = 0):
    """
    Assign a new column with values initialized as `value`
    col_names = list of new col names
    """
    for name in col_names:
        df[name] = value
    return df


def drop_bot_rows(df):
    """
    Filter out human rows from data frame
    """
    df = df[df['is_bot'] != 1]
    return df


def separate_df(df):
    """
    Create a list of sub-datafames with unque game ids
    """
    experiments = []
    for game in df['game_id'].unique():
        e = df.loc[df['game_id'] == game]
        e = e.reset_index(drop=True)
        experiments.append(e)
    return experiments



############################################
### Evaluate transitions, outcomes, etc. ###
############################################

def evaluate_outcome(player_move, opponent_move):
    """
    Determine outcome based on player move and opponent move
    TODO check that both moves are in OUTCOME_LOOKUP
    """
    OUTCOME_LOOKUP = np.transpose(
        pd.DataFrame.from_dict({
            'rock':     ['tie', 'lose', 'win'],
            'paper':    ['win', 'tie', 'lose'],
            'scissors': ['lose', 'win', 'tie']
        }, orient='index', columns=['rock', 'paper', 'scissors'])
    )

    return OUTCOME_LOOKUP[player_move][opponent_move]

------------------

[0;31m---------------------------------------------------------------------------[0m
[0;31mModuleNotFoundError[0m                       Traceback (most recent call last)
Input [0;32mIn [1][0m, in [0;36m<cell line: 6>[0;34m()[0m
[1;32m      1[0m [38;5;124;03m"""[39;00m
[1;32m      2[0m [38;5;124;03mLibrary for general purpose functions related to data processing in RL model[39;00m
[1;32m      3[0m [38;5;124;03m"""[39;00m
[1;32m      5[0m [38;5;28;01mimport[39;00m [38;5;21;01mos[39;00m
[0;32m----> 6[0m [38;5;28;01mimport[39;00m [38;5;21;01mpandas[39;00m [38;5;28;01mas[39;00m [38;5;21;01mpd[39;00m
[1;32m      7[0m [38;5;28;01mimport[39;00m [38;5;21;01mnumpy[39;00m [38;5;28;01mas[39;00m [38;5;21;01mnp[39;00m
[1;32m     10[0m [38;5;66;03m###############[39;00m
[1;32m     11[0m [38;5;66;03m### GLOBALS ###[39;00m
[1;32m     12[0m [38;5;66;03m###############[39;00m

[0;31mModuleNotFoundError[0m: No module named 'pandas'
ModuleNotFoundError: No module named 'pandas'

