Traceback (most recent call last):
  File "/Library/Frameworks/Python.framework/Versions/3.8/lib/python3.8/site-packages/jupyter_cache/executors/utils.py", line 51, in single_nb_execution
    executenb(
  File "/Library/Frameworks/Python.framework/Versions/3.8/lib/python3.8/site-packages/nbclient/client.py", line 1269, in execute
    return NotebookClient(nb=nb, resources=resources, km=km, **kwargs).execute()
  File "/Library/Frameworks/Python.framework/Versions/3.8/lib/python3.8/site-packages/nbclient/util.py", line 85, in wrapped
    return just_run(coro(*args, **kwargs))
  File "/Library/Frameworks/Python.framework/Versions/3.8/lib/python3.8/site-packages/nbclient/util.py", line 60, in just_run
    return loop.run_until_complete(coro)
  File "/Library/Frameworks/Python.framework/Versions/3.8/lib/python3.8/asyncio/base_events.py", line 616, in run_until_complete
    return future.result()
  File "/Library/Frameworks/Python.framework/Versions/3.8/lib/python3.8/site-packages/nbclient/client.py", line 707, in async_execute
    await self.async_execute_cell(
  File "/Library/Frameworks/Python.framework/Versions/3.8/lib/python3.8/site-packages/nbclient/client.py", line 1025, in async_execute_cell
    await self._check_raise_for_error(cell, cell_index, exec_reply)
  File "/Library/Frameworks/Python.framework/Versions/3.8/lib/python3.8/site-packages/nbclient/client.py", line 919, in _check_raise_for_error
    raise CellExecutionError.from_cell_and_msg(cell, exec_reply_content)
nbclient.exceptions.CellExecutionError: An error occurred while executing the following cell:
------------------
# Run dependencies
%run ./model_python_lib_utils.ipynb
%run ./model_python_lib_event_counts.ipynb
%run ./model_python_lib_decision_functions.ipynb
%run ./python_lib_visualization.ipynb
%run ./model_wrapper.ipynb
------------------

[0;31m---------------------------------------------------------------------------[0m
[0;31mModuleNotFoundError[0m                       Traceback (most recent call last)
Input [0;32mIn [1][0m, in [0;36m<cell line: 5>[0;34m()[0m
[1;32m      3[0m get_ipython()[38;5;241m.[39mrun_line_magic([38;5;124m'[39m[38;5;124mrun[39m[38;5;124m'[39m, [38;5;124m'[39m[38;5;124m./model_python_lib_event_counts.ipynb[39m[38;5;124m'[39m)
[1;32m      4[0m get_ipython()[38;5;241m.[39mrun_line_magic([38;5;124m'[39m[38;5;124mrun[39m[38;5;124m'[39m, [38;5;124m'[39m[38;5;124m./model_python_lib_decision_functions.ipynb[39m[38;5;124m'[39m)
[0;32m----> 5[0m [43mget_ipython[49m[43m([49m[43m)[49m[38;5;241;43m.[39;49m[43mrun_line_magic[49m[43m([49m[38;5;124;43m'[39;49m[38;5;124;43mrun[39;49m[38;5;124;43m'[39;49m[43m,[49m[43m [49m[38;5;124;43m'[39;49m[38;5;124;43m./python_lib_visualization.ipynb[39;49m[38;5;124;43m'[39;49m[43m)[49m
[1;32m      6[0m get_ipython()[38;5;241m.[39mrun_line_magic([38;5;124m'[39m[38;5;124mrun[39m[38;5;124m'[39m, [38;5;124m'[39m[38;5;124m./model_wrapper.ipynb[39m[38;5;124m'[39m)

File [0;32m/Library/Frameworks/Python.framework/Versions/3.8/lib/python3.8/site-packages/IPython/core/interactiveshell.py:2305[0m, in [0;36mInteractiveShell.run_line_magic[0;34m(self, magic_name, line, _stack_depth)[0m
[1;32m   2303[0m     kwargs[[38;5;124m'[39m[38;5;124mlocal_ns[39m[38;5;124m'[39m] [38;5;241m=[39m [38;5;28mself[39m[38;5;241m.[39mget_local_scope(stack_depth)
[1;32m   2304[0m [38;5;28;01mwith[39;00m [38;5;28mself[39m[38;5;241m.[39mbuiltin_trap:
[0;32m-> 2305[0m     result [38;5;241m=[39m [43mfn[49m[43m([49m[38;5;241;43m*[39;49m[43margs[49m[43m,[49m[43m [49m[38;5;241;43m*[39;49m[38;5;241;43m*[39;49m[43mkwargs[49m[43m)[49m
[1;32m   2306[0m [38;5;28;01mreturn[39;00m result

File [0;32m/Library/Frameworks/Python.framework/Versions/3.8/lib/python3.8/site-packages/IPython/core/magics/execution.py:717[0m, in [0;36mExecutionMagics.run[0;34m(self, parameter_s, runner, file_finder)[0m
[1;32m    715[0m     [38;5;28;01mwith[39;00m preserve_keys([38;5;28mself[39m[38;5;241m.[39mshell[38;5;241m.[39muser_ns, [38;5;124m'[39m[38;5;124m__file__[39m[38;5;124m'[39m):
[1;32m    716[0m         [38;5;28mself[39m[38;5;241m.[39mshell[38;5;241m.[39muser_ns[[38;5;124m'[39m[38;5;124m__file__[39m[38;5;124m'[39m] [38;5;241m=[39m filename
[0;32m--> 717[0m         [38;5;28;43mself[39;49m[38;5;241;43m.[39;49m[43mshell[49m[38;5;241;43m.[39;49m[43msafe_execfile_ipy[49m[43m([49m[43mfilename[49m[43m,[49m[43m [49m[43mraise_exceptions[49m[38;5;241;43m=[39;49m[38;5;28;43;01mTrue[39;49;00m[43m)[49m
[1;32m    718[0m     [38;5;28;01mreturn[39;00m
[1;32m    720[0m [38;5;66;03m# Control the response to exit() calls made by the script being run[39;00m

File [0;32m/Library/Frameworks/Python.framework/Versions/3.8/lib/python3.8/site-packages/IPython/core/interactiveshell.py:2811[0m, in [0;36mInteractiveShell.safe_execfile_ipy[0;34m(self, fname, shell_futures, raise_exceptions)[0m
[1;32m   2809[0m result [38;5;241m=[39m [38;5;28mself[39m[38;5;241m.[39mrun_cell(cell, silent[38;5;241m=[39m[38;5;28;01mTrue[39;00m, shell_futures[38;5;241m=[39mshell_futures)
[1;32m   2810[0m [38;5;28;01mif[39;00m raise_exceptions:
[0;32m-> 2811[0m     [43mresult[49m[38;5;241;43m.[39;49m[43mraise_error[49m[43m([49m[43m)[49m
[1;32m   2812[0m [38;5;28;01melif[39;00m [38;5;129;01mnot[39;00m result[38;5;241m.[39msuccess:
[1;32m   2813[0m     [38;5;28;01mbreak[39;00m

File [0;32m/Library/Frameworks/Python.framework/Versions/3.8/lib/python3.8/site-packages/IPython/core/interactiveshell.py:251[0m, in [0;36mExecutionResult.raise_error[0;34m(self)[0m
[1;32m    249[0m     [38;5;28;01mraise[39;00m [38;5;28mself[39m[38;5;241m.[39merror_before_exec
[1;32m    250[0m [38;5;28;01mif[39;00m [38;5;28mself[39m[38;5;241m.[39merror_in_exec [38;5;129;01mis[39;00m [38;5;129;01mnot[39;00m [38;5;28;01mNone[39;00m:
[0;32m--> 251[0m     [38;5;28;01mraise[39;00m [38;5;28mself[39m[38;5;241m.[39merror_in_exec

    [0;31m[... skipping hidden 1 frame][0m

File [0;32m/var/folders/vc/0d4071bd7rbd6q1btkk05jcw0000gn/T/ipykernel_1901/3777295251.py:10[0m, in [0;36m<cell line: 10>[0;34m()[0m
[1;32m      8[0m [38;5;28;01mimport[39;00m [38;5;21;01mpandas[39;00m [38;5;28;01mas[39;00m [38;5;21;01mpd[39;00m
[1;32m      9[0m [38;5;28;01mfrom[39;00m [38;5;21;01mscipy[39;00m [38;5;28;01mimport[39;00m stats
[0;32m---> 10[0m [38;5;28;01mimport[39;00m [38;5;21;01mseaborn[39;00m [38;5;28;01mas[39;00m [38;5;21;01msns[39;00m
[1;32m     12[0m [38;5;28;01mfrom[39;00m [38;5;21;01mutils[39;00m [38;5;28;01mimport[39;00m N_ROUNDS
[1;32m     15[0m [38;5;28;01mdef[39;00m [38;5;21mgroupby_f_data[39m(f_data, colname, bins):

[0;31mModuleNotFoundError[0m: No module named 'seaborn'
ModuleNotFoundError: No module named 'seaborn'

